Started GET "/" for 127.0.0.1 at 2021-12-07 11:02:30 +0000
  [1m[35m (0.7ms)[0m  [1m[34mSELECT sqlite_version(*)[0m
Processing by Rails::WelcomeController#index as HTML
  Rendering /Users/sigitaz/.rvm/gems/ruby-3.0.0/gems/railties-6.1.4.1/lib/rails/templates/rails/welcome/index.html.erb
  Rendered /Users/sigitaz/.rvm/gems/ruby-3.0.0/gems/railties-6.1.4.1/lib/rails/templates/rails/welcome/index.html.erb (Duration: 3.7ms | Allocations: 522)
Completed 200 OK in 11ms (Views: 5.9ms | ActiveRecord: 0.0ms | Allocations: 4215)


Started GET "/" for 127.0.0.1 at 2021-12-07 12:14:18 +0000
  [1m[35m (0.2ms)[0m  [1m[34mSELECT sqlite_version(*)[0m
Processing by Rails::WelcomeController#index as HTML
  Rendering /Users/sigitaz/.rvm/gems/ruby-3.0.0/gems/railties-6.1.4.1/lib/rails/templates/rails/welcome/index.html.erb
  Rendered /Users/sigitaz/.rvm/gems/ruby-3.0.0/gems/railties-6.1.4.1/lib/rails/templates/rails/welcome/index.html.erb (Duration: 3.3ms | Allocations: 415)
Completed 200 OK in 7ms (Views: 4.0ms | ActiveRecord: 0.0ms | Allocations: 3083)


Started GET "/" for 127.0.0.1 at 2021-12-07 12:20:07 +0000
Processing by ArticlesController#index as HTML
  Rendering layout layouts/application.html.erb
  Rendering articles/index.html.erb within layouts/application
  Rendered articles/index.html.erb within layouts/application (Duration: 0.4ms | Allocations: 111)
[Webpacker] Compiling...
Started GET "/" for 127.0.0.1 at 2021-12-07 12:20:08 +0000
[Webpacker] Compilation failed:
warning ../../../package.json: No license field
node:internal/crypto/hash:67
  this[kHandle] = new _Hash(algorithm, xofLen);
                  ^

Error: error:0308010C:digital envelope routines::unsupported
    at new Hash (node:internal/crypto/hash:67:19)
    at Object.createHash (node:crypto:130:10)
    at module.exports (/Users/sigitaz/Documents/Practise/Blog-rails/node_modules/webpack/lib/util/createHash.js:135:53)
    at NormalModule._initBuildHash (/Users/sigitaz/Documents/Practise/Blog-rails/node_modules/webpack/lib/NormalModule.js:417:16)
    at handleParseError (/Users/sigitaz/Documents/Practise/Blog-rails/node_modules/webpack/lib/NormalModule.js:471:10)
    at /Users/sigitaz/Documents/Practise/Blog-rails/node_modules/webpack/lib/NormalModule.js:503:5
    at /Users/sigitaz/Documents/Practise/Blog-rails/node_modules/webpack/lib/NormalModule.js:358:12
    at /Users/sigitaz/Documents/Practise/Blog-rails/node_modules/loader-runner/lib/LoaderRunner.js:373:3
    at iterateNormalLoaders (/Users/sigitaz/Documents/Practise/Blog-rails/node_modules/loader-runner/lib/LoaderRunner.js:214:10)
    at iterateNormalLoaders (/Users/sigitaz/Documents/Practise/Blog-rails/node_modules/loader-runner/lib/LoaderRunner.js:221:10)
    at /Users/sigitaz/Documents/Practise/Blog-rails/node_modules/loader-runner/lib/LoaderRunner.js:236:3
    at context.callback (/Users/sigitaz/Documents/Practise/Blog-rails/node_modules/loader-runner/lib/LoaderRunner.js:111:13)
    at /Users/sigitaz/Documents/Practise/Blog-rails/node_modules/babel-loader/lib/index.js:59:71 {
  opensslErrorStack: [ 'error:03000086:digital envelope routines::initialization error' ],
  library: 'digital envelope routines',
  reason: 'unsupported',
  code: 'ERR_OSSL_EVP_UNSUPPORTED'
}

Node.js v17.1.0

  Rendered layout layouts/application.html.erb (Duration: 1364.3ms | Allocations: 17383)
Completed 500 Internal Server Error in 1366ms (Allocations: 18596)


  
ActionView::Template::Error (Webpacker can't find application.js in /Users/sigitaz/Documents/Practise/Blog-rails/public/packs/manifest.json. Possible causes:
1. You want to set webpacker.yml value of compile to true for your environment
   unless you are using the `webpack -w` or the webpack-dev-server.
2. webpack has not yet re-run to reflect updates.
3. You have misconfigured Webpacker's config/webpacker.yml file.
4. Your webpack configuration is not creating a manifest.
Your manifest contains:
{
}
):
     7:     <%= csp_meta_tag %>
     8: 
     9:     <%= stylesheet_link_tag 'application', media: 'all', 'data-turbolinks-track': 'reload' %>
    10:     <%= javascript_pack_tag 'application', 'data-turbolinks-track': 'reload' %>
    11:   </head>
    12: 
    13:   <body>
  
app/views/layouts/application.html.erb:10
Processing by ArticlesController#index as HTML
  Rendering layout layouts/application.html.erb
  Rendering articles/index.html.erb within layouts/application
  Rendered articles/index.html.erb within layouts/application (Duration: 0.0ms | Allocations: 40)
[Webpacker] Compiling...
[Webpacker] Compilation failed:
warning ../../../package.json: No license field
node:internal/crypto/hash:67
  this[kHandle] = new _Hash(algorithm, xofLen);
                  ^

Error: error:0308010C:digital envelope routines::unsupported
    at new Hash (node:internal/crypto/hash:67:19)
    at Object.createHash (node:crypto:130:10)
    at module.exports (/Users/sigitaz/Documents/Practise/Blog-rails/node_modules/webpack/lib/util/createHash.js:135:53)
    at NormalModule._initBuildHash (/Users/sigitaz/Documents/Practise/Blog-rails/node_modules/webpack/lib/NormalModule.js:417:16)
    at handleParseError (/Users/sigitaz/Documents/Practise/Blog-rails/node_modules/webpack/lib/NormalModule.js:471:10)
    at /Users/sigitaz/Documents/Practise/Blog-rails/node_modules/webpack/lib/NormalModule.js:503:5
    at /Users/sigitaz/Documents/Practise/Blog-rails/node_modules/webpack/lib/NormalModule.js:358:12
    at /Users/sigitaz/Documents/Practise/Blog-rails/node_modules/loader-runner/lib/LoaderRunner.js:373:3
    at iterateNormalLoaders (/Users/sigitaz/Documents/Practise/Blog-rails/node_modules/loader-runner/lib/LoaderRunner.js:214:10)
    at iterateNormalLoaders (/Users/sigitaz/Documents/Practise/Blog-rails/node_modules/loader-runner/lib/LoaderRunner.js:221:10)
    at /Users/sigitaz/Documents/Practise/Blog-rails/node_modules/loader-runner/lib/LoaderRunner.js:236:3
    at context.callback (/Users/sigitaz/Documents/Practise/Blog-rails/node_modules/loader-runner/lib/LoaderRunner.js:111:13)
    at /Users/sigitaz/Documents/Practise/Blog-rails/node_modules/babel-loader/lib/index.js:59:71 {
  opensslErrorStack: [ 'error:03000086:digital envelope routines::initialization error' ],
  library: 'digital envelope routines',
  reason: 'unsupported',
  code: 'ERR_OSSL_EVP_UNSUPPORTED'
}

Node.js v17.1.0

  Rendered layout layouts/application.html.erb (Duration: 689.0ms | Allocations: 5275)
Completed 500 Internal Server Error in 690ms (Allocations: 5816)


  
ActionView::Template::Error (Webpacker can't find application.js in /Users/sigitaz/Documents/Practise/Blog-rails/public/packs/manifest.json. Possible causes:
1. You want to set webpacker.yml value of compile to true for your environment
   unless you are using the `webpack -w` or the webpack-dev-server.
2. webpack has not yet re-run to reflect updates.
3. You have misconfigured Webpacker's config/webpacker.yml file.
4. Your webpack configuration is not creating a manifest.
Your manifest contains:
{
}
):
     7:     <%= csp_meta_tag %>
     8: 
     9:     <%= stylesheet_link_tag 'application', media: 'all', 'data-turbolinks-track': 'reload' %>
    10:     <%= javascript_pack_tag 'application', 'data-turbolinks-track': 'reload' %>
    11:   </head>
    12: 
    13:   <body>
  
app/views/layouts/application.html.erb:10
Started GET "/" for 127.0.0.1 at 2021-12-07 12:20:54 +0000
  [1m[35m (0.2ms)[0m  [1m[34mSELECT sqlite_version(*)[0m
Processing by ArticlesController#index as HTML
  Rendering layout layouts/application.html.erb
  Rendering articles/index.html.erb within layouts/application
  Rendered articles/index.html.erb within layouts/application (Duration: 0.3ms | Allocations: 293)
[Webpacker] Compiling...
[Webpacker] Compilation failed:
warning ../../../package.json: No license field
node:internal/crypto/hash:67
  this[kHandle] = new _Hash(algorithm, xofLen);
                  ^

Error: error:0308010C:digital envelope routines::unsupported
    at new Hash (node:internal/crypto/hash:67:19)
    at Object.createHash (node:crypto:130:10)
    at module.exports (/Users/sigitaz/Documents/Practise/Blog-rails/node_modules/webpack/lib/util/createHash.js:135:53)
    at NormalModule._initBuildHash (/Users/sigitaz/Documents/Practise/Blog-rails/node_modules/webpack/lib/NormalModule.js:417:16)
    at handleParseError (/Users/sigitaz/Documents/Practise/Blog-rails/node_modules/webpack/lib/NormalModule.js:471:10)
    at /Users/sigitaz/Documents/Practise/Blog-rails/node_modules/webpack/lib/NormalModule.js:503:5
    at /Users/sigitaz/Documents/Practise/Blog-rails/node_modules/webpack/lib/NormalModule.js:358:12
    at /Users/sigitaz/Documents/Practise/Blog-rails/node_modules/loader-runner/lib/LoaderRunner.js:373:3
    at iterateNormalLoaders (/Users/sigitaz/Documents/Practise/Blog-rails/node_modules/loader-runner/lib/LoaderRunner.js:214:10)
    at iterateNormalLoaders (/Users/sigitaz/Documents/Practise/Blog-rails/node_modules/loader-runner/lib/LoaderRunner.js:221:10)
    at /Users/sigitaz/Documents/Practise/Blog-rails/node_modules/loader-runner/lib/LoaderRunner.js:236:3
    at context.callback (/Users/sigitaz/Documents/Practise/Blog-rails/node_modules/loader-runner/lib/LoaderRunner.js:111:13)
    at /Users/sigitaz/Documents/Practise/Blog-rails/node_modules/babel-loader/lib/index.js:59:71 {
  opensslErrorStack: [ 'error:03000086:digital envelope routines::initialization error' ],
  library: 'digital envelope routines',
  reason: 'unsupported',
  code: 'ERR_OSSL_EVP_UNSUPPORTED'
}

Node.js v17.1.0

  Rendered layout layouts/application.html.erb (Duration: 681.4ms | Allocations: 8408)
Completed 500 Internal Server Error in 686ms (ActiveRecord: 0.0ms | Allocations: 11412)


  
ActionView::Template::Error (Webpacker can't find application.js in /Users/sigitaz/Documents/Practise/Blog-rails/public/packs/manifest.json. Possible causes:
1. You want to set webpacker.yml value of compile to true for your environment
   unless you are using the `webpack -w` or the webpack-dev-server.
2. webpack has not yet re-run to reflect updates.
3. You have misconfigured Webpacker's config/webpacker.yml file.
4. Your webpack configuration is not creating a manifest.
Your manifest contains:
{
}
):
     7:     <%= csp_meta_tag %>
     8: 
     9:     <%= stylesheet_link_tag 'application', media: 'all', 'data-turbolinks-track': 'reload' %>
    10:     <%= javascript_pack_tag 'application', 'data-turbolinks-track': 'reload' %>
    11:   </head>
    12: 
    13:   <body>
  
app/views/layouts/application.html.erb:10
Started GET "/" for 127.0.0.1 at 2021-12-07 12:20:55 +0000
Processing by ArticlesController#index as HTML
  Rendering layout layouts/application.html.erb
  Rendering articles/index.html.erb within layouts/application
  Rendered articles/index.html.erb within layouts/application (Duration: 0.0ms | Allocations: 38)
[Webpacker] Compiling...
[Webpacker] Compilation failed:
warning ../../../package.json: No license field
node:internal/crypto/hash:67
  this[kHandle] = new _Hash(algorithm, xofLen);
                  ^

Error: error:0308010C:digital envelope routines::unsupported
    at new Hash (node:internal/crypto/hash:67:19)
    at Object.createHash (node:crypto:130:10)
    at module.exports (/Users/sigitaz/Documents/Practise/Blog-rails/node_modules/webpack/lib/util/createHash.js:135:53)
    at NormalModule._initBuildHash (/Users/sigitaz/Documents/Practise/Blog-rails/node_modules/webpack/lib/NormalModule.js:417:16)
    at handleParseError (/Users/sigitaz/Documents/Practise/Blog-rails/node_modules/webpack/lib/NormalModule.js:471:10)
    at /Users/sigitaz/Documents/Practise/Blog-rails/node_modules/webpack/lib/NormalModule.js:503:5
    at /Users/sigitaz/Documents/Practise/Blog-rails/node_modules/webpack/lib/NormalModule.js:358:12
    at /Users/sigitaz/Documents/Practise/Blog-rails/node_modules/loader-runner/lib/LoaderRunner.js:373:3
    at iterateNormalLoaders (/Users/sigitaz/Documents/Practise/Blog-rails/node_modules/loader-runner/lib/LoaderRunner.js:214:10)
    at iterateNormalLoaders (/Users/sigitaz/Documents/Practise/Blog-rails/node_modules/loader-runner/lib/LoaderRunner.js:221:10)
    at /Users/sigitaz/Documents/Practise/Blog-rails/node_modules/loader-runner/lib/LoaderRunner.js:236:3
    at context.callback (/Users/sigitaz/Documents/Practise/Blog-rails/node_modules/loader-runner/lib/LoaderRunner.js:111:13)
    at /Users/sigitaz/Documents/Practise/Blog-rails/node_modules/babel-loader/lib/index.js:59:71 {
  opensslErrorStack: [ 'error:03000086:digital envelope routines::initialization error' ],
  library: 'digital envelope routines',
  reason: 'unsupported',
  code: 'ERR_OSSL_EVP_UNSUPPORTED'
}

Node.js v17.1.0

  Rendered layout layouts/application.html.erb (Duration: 679.4ms | Allocations: 52529)
Completed 500 Internal Server Error in 680ms (ActiveRecord: 0.0ms | Allocations: 53096)


  
ActionView::Template::Error (Webpacker can't find application.js in /Users/sigitaz/Documents/Practise/Blog-rails/public/packs/manifest.json. Possible causes:
1. You want to set webpacker.yml value of compile to true for your environment
   unless you are using the `webpack -w` or the webpack-dev-server.
2. webpack has not yet re-run to reflect updates.
3. You have misconfigured Webpacker's config/webpacker.yml file.
4. Your webpack configuration is not creating a manifest.
Your manifest contains:
{
}
):
     7:     <%= csp_meta_tag %>
     8: 
     9:     <%= stylesheet_link_tag 'application', media: 'all', 'data-turbolinks-track': 'reload' %>
    10:     <%= javascript_pack_tag 'application', 'data-turbolinks-track': 'reload' %>
    11:   </head>
    12: 
    13:   <body>
  
app/views/layouts/application.html.erb:10
Started GET "/" for 127.0.0.1 at 2021-12-07 12:21:10 +0000
Processing by ArticlesController#index as HTML
  Rendering layout layouts/application.html.erb
  Rendering articles/index.html.erb within layouts/application
  Rendered articles/index.html.erb within layouts/application (Duration: 0.2ms | Allocations: 38)
[Webpacker] Compiling...
[Webpacker] Compilation failed:
warning ../../../package.json: No license field
node:internal/crypto/hash:67
  this[kHandle] = new _Hash(algorithm, xofLen);
                  ^

Error: error:0308010C:digital envelope routines::unsupported
    at new Hash (node:internal/crypto/hash:67:19)
    at Object.createHash (node:crypto:130:10)
    at module.exports (/Users/sigitaz/Documents/Practise/Blog-rails/node_modules/webpack/lib/util/createHash.js:135:53)
    at NormalModule._initBuildHash (/Users/sigitaz/Documents/Practise/Blog-rails/node_modules/webpack/lib/NormalModule.js:417:16)
    at handleParseError (/Users/sigitaz/Documents/Practise/Blog-rails/node_modules/webpack/lib/NormalModule.js:471:10)
    at /Users/sigitaz/Documents/Practise/Blog-rails/node_modules/webpack/lib/NormalModule.js:503:5
    at /Users/sigitaz/Documents/Practise/Blog-rails/node_modules/webpack/lib/NormalModule.js:358:12
    at /Users/sigitaz/Documents/Practise/Blog-rails/node_modules/loader-runner/lib/LoaderRunner.js:373:3
    at iterateNormalLoaders (/Users/sigitaz/Documents/Practise/Blog-rails/node_modules/loader-runner/lib/LoaderRunner.js:214:10)
    at iterateNormalLoaders (/Users/sigitaz/Documents/Practise/Blog-rails/node_modules/loader-runner/lib/LoaderRunner.js:221:10)
    at /Users/sigitaz/Documents/Practise/Blog-rails/node_modules/loader-runner/lib/LoaderRunner.js:236:3
    at context.callback (/Users/sigitaz/Documents/Practise/Blog-rails/node_modules/loader-runner/lib/LoaderRunner.js:111:13)
    at /Users/sigitaz/Documents/Practise/Blog-rails/node_modules/babel-loader/lib/index.js:59:71 {
  opensslErrorStack: [ 'error:03000086:digital envelope routines::initialization error' ],
  library: 'digital envelope routines',
  reason: 'unsupported',
  code: 'ERR_OSSL_EVP_UNSUPPORTED'
}

Node.js v17.1.0

  Rendered layout layouts/application.html.erb (Duration: 720.1ms | Allocations: 5200)
Completed 500 Internal Server Error in 721ms (ActiveRecord: 0.0ms | Allocations: 5557)


  
ActionView::Template::Error (Webpacker can't find application.js in /Users/sigitaz/Documents/Practise/Blog-rails/public/packs/manifest.json. Possible causes:
1. You want to set webpacker.yml value of compile to true for your environment
   unless you are using the `webpack -w` or the webpack-dev-server.
2. webpack has not yet re-run to reflect updates.
3. You have misconfigured Webpacker's config/webpacker.yml file.
4. Your webpack configuration is not creating a manifest.
Your manifest contains:
{
}
):
     7:     <%= csp_meta_tag %>
     8: 
     9:     <%= stylesheet_link_tag 'application', media: 'all', 'data-turbolinks-track': 'reload' %>
    10:     <%= javascript_pack_tag 'application', 'data-turbolinks-track': 'reload' %>
    11:   </head>
    12: 
    13:   <body>
  
app/views/layouts/application.html.erb:10
Started GET "/" for 127.0.0.1 at 2021-12-07 12:23:14 +0000
Processing by ArticlesController#index as HTML
  Rendering layout layouts/application.html.erb
  Rendering articles/index.html.erb within layouts/application
  Rendered articles/index.html.erb within layouts/application (Duration: 0.1ms | Allocations: 38)
[Webpacker] Compiling...
[Webpacker] Compilation failed:
warning ../../../package.json: No license field
node:internal/crypto/hash:67
  this[kHandle] = new _Hash(algorithm, xofLen);
                  ^

Error: error:0308010C:digital envelope routines::unsupported
    at new Hash (node:internal/crypto/hash:67:19)
    at Object.createHash (node:crypto:130:10)
    at module.exports (/Users/sigitaz/Documents/Practise/Blog-rails/node_modules/webpack/lib/util/createHash.js:135:53)
    at NormalModule._initBuildHash (/Users/sigitaz/Documents/Practise/Blog-rails/node_modules/webpack/lib/NormalModule.js:417:16)
    at handleParseError (/Users/sigitaz/Documents/Practise/Blog-rails/node_modules/webpack/lib/NormalModule.js:471:10)
    at /Users/sigitaz/Documents/Practise/Blog-rails/node_modules/webpack/lib/NormalModule.js:503:5
    at /Users/sigitaz/Documents/Practise/Blog-rails/node_modules/webpack/lib/NormalModule.js:358:12
    at /Users/sigitaz/Documents/Practise/Blog-rails/node_modules/loader-runner/lib/LoaderRunner.js:373:3
    at iterateNormalLoaders (/Users/sigitaz/Documents/Practise/Blog-rails/node_modules/loader-runner/lib/LoaderRunner.js:214:10)
    at iterateNormalLoaders (/Users/sigitaz/Documents/Practise/Blog-rails/node_modules/loader-runner/lib/LoaderRunner.js:221:10)
    at /Users/sigitaz/Documents/Practise/Blog-rails/node_modules/loader-runner/lib/LoaderRunner.js:236:3
    at context.callback (/Users/sigitaz/Documents/Practise/Blog-rails/node_modules/loader-runner/lib/LoaderRunner.js:111:13)
    at /Users/sigitaz/Documents/Practise/Blog-rails/node_modules/babel-loader/lib/index.js:59:71 {
  opensslErrorStack: [ 'error:03000086:digital envelope routines::initialization error' ],
  library: 'digital envelope routines',
  reason: 'unsupported',
  code: 'ERR_OSSL_EVP_UNSUPPORTED'
}

Node.js v17.1.0

  Rendered layout layouts/application.html.erb (Duration: 897.3ms | Allocations: 5195)
Completed 500 Internal Server Error in 898ms (ActiveRecord: 0.0ms | Allocations: 5547)


  
ActionView::Template::Error (Webpacker can't find application.js in /Users/sigitaz/Documents/Practise/Blog-rails/public/packs/manifest.json. Possible causes:
1. You want to set webpacker.yml value of compile to true for your environment
   unless you are using the `webpack -w` or the webpack-dev-server.
2. webpack has not yet re-run to reflect updates.
3. You have misconfigured Webpacker's config/webpacker.yml file.
4. Your webpack configuration is not creating a manifest.
Your manifest contains:
{
}
):
     7:     <%= csp_meta_tag %>
     8: 
     9:     <%= stylesheet_link_tag 'application', media: 'all', 'data-turbolinks-track': 'reload' %>
    10:     <%= javascript_pack_tag 'application', 'data-turbolinks-track': 'reload' %>
    11:   </head>
    12: 
    13:   <body>
  
app/views/layouts/application.html.erb:10
Started GET "/" for 127.0.0.1 at 2021-12-07 12:25:17 +0000
  [1m[35m (0.3ms)[0m  [1m[34mSELECT sqlite_version(*)[0m
Processing by ArticlesController#index as HTML
  Rendering layout layouts/application.html.erb
  Rendering articles/index.html.erb within layouts/application
  Rendered articles/index.html.erb within layouts/application (Duration: 0.6ms | Allocations: 293)
[Webpacker] Compiling...
[Webpacker] Compilation failed:
warning ../../../package.json: No license field
node:internal/crypto/hash:67
  this[kHandle] = new _Hash(algorithm, xofLen);
                  ^

Error: error:0308010C:digital envelope routines::unsupported
    at new Hash (node:internal/crypto/hash:67:19)
    at Object.createHash (node:crypto:130:10)
    at module.exports (/Users/sigitaz/Documents/Practise/Blog-rails/node_modules/webpack/lib/util/createHash.js:135:53)
    at NormalModule._initBuildHash (/Users/sigitaz/Documents/Practise/Blog-rails/node_modules/webpack/lib/NormalModule.js:417:16)
    at handleParseError (/Users/sigitaz/Documents/Practise/Blog-rails/node_modules/webpack/lib/NormalModule.js:471:10)
    at /Users/sigitaz/Documents/Practise/Blog-rails/node_modules/webpack/lib/NormalModule.js:503:5
    at /Users/sigitaz/Documents/Practise/Blog-rails/node_modules/webpack/lib/NormalModule.js:358:12
    at /Users/sigitaz/Documents/Practise/Blog-rails/node_modules/loader-runner/lib/LoaderRunner.js:373:3
    at iterateNormalLoaders (/Users/sigitaz/Documents/Practise/Blog-rails/node_modules/loader-runner/lib/LoaderRunner.js:214:10)
    at iterateNormalLoaders (/Users/sigitaz/Documents/Practise/Blog-rails/node_modules/loader-runner/lib/LoaderRunner.js:221:10)
    at /Users/sigitaz/Documents/Practise/Blog-rails/node_modules/loader-runner/lib/LoaderRunner.js:236:3
    at context.callback (/Users/sigitaz/Documents/Practise/Blog-rails/node_modules/loader-runner/lib/LoaderRunner.js:111:13)
    at /Users/sigitaz/Documents/Practise/Blog-rails/node_modules/babel-loader/lib/index.js:59:71 {
  opensslErrorStack: [ 'error:03000086:digital envelope routines::initialization error' ],
  library: 'digital envelope routines',
  reason: 'unsupported',
  code: 'ERR_OSSL_EVP_UNSUPPORTED'
}

Node.js v17.1.0

  Rendered layout layouts/application.html.erb (Duration: 910.2ms | Allocations: 8409)
Completed 500 Internal Server Error in 916ms (ActiveRecord: 0.0ms | Allocations: 11413)


  
ActionView::Template::Error (Webpacker can't find application.js in /Users/sigitaz/Documents/Practise/Blog-rails/public/packs/manifest.json. Possible causes:
1. You want to set webpacker.yml value of compile to true for your environment
   unless you are using the `webpack -w` or the webpack-dev-server.
2. webpack has not yet re-run to reflect updates.
3. You have misconfigured Webpacker's config/webpacker.yml file.
4. Your webpack configuration is not creating a manifest.
Your manifest contains:
{
}
):
     7:     <%= csp_meta_tag %>
     8: 
     9:     <%= stylesheet_link_tag 'application', media: 'all', 'data-turbolinks-track': 'reload' %>
    10:     <%= javascript_pack_tag 'application', 'data-turbolinks-track': 'reload' %>
    11:   </head>
    12: 
    13:   <body>
  
app/views/layouts/application.html.erb:10
Started GET "/" for 127.0.0.1 at 2021-12-07 12:26:07 +0000
  [1m[35m (0.2ms)[0m  [1m[34mSELECT sqlite_version(*)[0m
Processing by ArticlesController#index as HTML
  Rendering layout layouts/application.html.erb
  Rendering articles/index.html.erb within layouts/application
  Rendered articles/index.html.erb within layouts/application (Duration: 0.4ms | Allocations: 293)
[Webpacker] Compiling...
[Webpacker] Compilation failed:
/Users/sigitaz/.rvm/gems/ruby-3.0.0/gems/webpacker-5.4.3/lib/webpacker/runner.rb:13:in ``': No such file or directory - yarn (Errno::ENOENT)
	from /Users/sigitaz/.rvm/gems/ruby-3.0.0/gems/webpacker-5.4.3/lib/webpacker/runner.rb:13:in `initialize'
	from /Users/sigitaz/.rvm/gems/ruby-3.0.0/gems/webpacker-5.4.3/lib/webpacker/runner.rb:6:in `new'
	from /Users/sigitaz/.rvm/gems/ruby-3.0.0/gems/webpacker-5.4.3/lib/webpacker/runner.rb:6:in `run'
	from ./bin/webpack:17:in `block in <main>'
	from ./bin/webpack:16:in `chdir'
	from ./bin/webpack:16:in `<main>'

  Rendered layout layouts/application.html.erb (Duration: 212.0ms | Allocations: 8407)
Completed 500 Internal Server Error in 216ms (ActiveRecord: 0.0ms | Allocations: 11411)


  
ActionView::Template::Error (Webpacker can't find application.js in /Users/sigitaz/Documents/Practise/Blog-rails/public/packs/manifest.json. Possible causes:
1. You want to set webpacker.yml value of compile to true for your environment
   unless you are using the `webpack -w` or the webpack-dev-server.
2. webpack has not yet re-run to reflect updates.
3. You have misconfigured Webpacker's config/webpacker.yml file.
4. Your webpack configuration is not creating a manifest.
Your manifest contains:
{
}
):
     7:     <%= csp_meta_tag %>
     8: 
     9:     <%= stylesheet_link_tag 'application', media: 'all', 'data-turbolinks-track': 'reload' %>
    10:     <%= javascript_pack_tag 'application', 'data-turbolinks-track': 'reload' %>
    11:   </head>
    12: 
    13:   <body>
  
app/views/layouts/application.html.erb:10
Started GET "/" for 127.0.0.1 at 2021-12-07 12:26:09 +0000
Processing by ArticlesController#index as HTML
  Rendering layout layouts/application.html.erb
  Rendering articles/index.html.erb within layouts/application
  Rendered articles/index.html.erb within layouts/application (Duration: 0.1ms | Allocations: 38)
[Webpacker] Compiling...
[Webpacker] Compilation failed:
/Users/sigitaz/.rvm/gems/ruby-3.0.0/gems/webpacker-5.4.3/lib/webpacker/runner.rb:13:in ``': No such file or directory - yarn (Errno::ENOENT)
	from /Users/sigitaz/.rvm/gems/ruby-3.0.0/gems/webpacker-5.4.3/lib/webpacker/runner.rb:13:in `initialize'
	from /Users/sigitaz/.rvm/gems/ruby-3.0.0/gems/webpacker-5.4.3/lib/webpacker/runner.rb:6:in `new'
	from /Users/sigitaz/.rvm/gems/ruby-3.0.0/gems/webpacker-5.4.3/lib/webpacker/runner.rb:6:in `run'
	from ./bin/webpack:17:in `block in <main>'
	from ./bin/webpack:16:in `chdir'
	from ./bin/webpack:16:in `<main>'

  Rendered layout layouts/application.html.erb (Duration: 253.6ms | Allocations: 5201)
Completed 500 Internal Server Error in 255ms (ActiveRecord: 0.0ms | Allocations: 5560)


  
ActionView::Template::Error (Webpacker can't find application.js in /Users/sigitaz/Documents/Practise/Blog-rails/public/packs/manifest.json. Possible causes:
1. You want to set webpacker.yml value of compile to true for your environment
   unless you are using the `webpack -w` or the webpack-dev-server.
2. webpack has not yet re-run to reflect updates.
3. You have misconfigured Webpacker's config/webpacker.yml file.
4. Your webpack configuration is not creating a manifest.
Your manifest contains:
{
}
):
     7:     <%= csp_meta_tag %>
     8: 
     9:     <%= stylesheet_link_tag 'application', media: 'all', 'data-turbolinks-track': 'reload' %>
    10:     <%= javascript_pack_tag 'application', 'data-turbolinks-track': 'reload' %>
    11:   </head>
    12: 
    13:   <body>
  
app/views/layouts/application.html.erb:10
Started GET "/" for 127.0.0.1 at 2021-12-07 12:26:09 +0000
Processing by ArticlesController#index as HTML
  Rendering layout layouts/application.html.erb
  Rendering articles/index.html.erb within layouts/application
  Rendered articles/index.html.erb within layouts/application (Duration: 0.1ms | Allocations: 38)
[Webpacker] Compiling...
[Webpacker] Compilation failed:
/Users/sigitaz/.rvm/gems/ruby-3.0.0/gems/webpacker-5.4.3/lib/webpacker/runner.rb:13:in ``': No such file or directory - yarn (Errno::ENOENT)
	from /Users/sigitaz/.rvm/gems/ruby-3.0.0/gems/webpacker-5.4.3/lib/webpacker/runner.rb:13:in `initialize'
	from /Users/sigitaz/.rvm/gems/ruby-3.0.0/gems/webpacker-5.4.3/lib/webpacker/runner.rb:6:in `new'
	from /Users/sigitaz/.rvm/gems/ruby-3.0.0/gems/webpacker-5.4.3/lib/webpacker/runner.rb:6:in `run'
	from ./bin/webpack:17:in `block in <main>'
	from ./bin/webpack:16:in `chdir'
	from ./bin/webpack:16:in `<main>'

  Rendered layout layouts/application.html.erb (Duration: 258.6ms | Allocations: 5194)
Completed 500 Internal Server Error in 259ms (ActiveRecord: 0.0ms | Allocations: 5546)


  
ActionView::Template::Error (Webpacker can't find application.js in /Users/sigitaz/Documents/Practise/Blog-rails/public/packs/manifest.json. Possible causes:
1. You want to set webpacker.yml value of compile to true for your environment
   unless you are using the `webpack -w` or the webpack-dev-server.
2. webpack has not yet re-run to reflect updates.
3. You have misconfigured Webpacker's config/webpacker.yml file.
4. Your webpack configuration is not creating a manifest.
Your manifest contains:
{
}
):
     7:     <%= csp_meta_tag %>
     8: 
     9:     <%= stylesheet_link_tag 'application', media: 'all', 'data-turbolinks-track': 'reload' %>
    10:     <%= javascript_pack_tag 'application', 'data-turbolinks-track': 'reload' %>
    11:   </head>
    12: 
    13:   <body>
  
app/views/layouts/application.html.erb:10
Started GET "/" for 127.0.0.1 at 2021-12-07 12:26:11 +0000
Processing by ArticlesController#index as HTML
  Rendering layout layouts/application.html.erb
  Rendering articles/index.html.erb within layouts/application
  Rendered articles/index.html.erb within layouts/application (Duration: 0.1ms | Allocations: 38)
[Webpacker] Compiling...
[Webpacker] Compilation failed:
/Users/sigitaz/.rvm/gems/ruby-3.0.0/gems/webpacker-5.4.3/lib/webpacker/runner.rb:13:in ``': No such file or directory - yarn (Errno::ENOENT)
	from /Users/sigitaz/.rvm/gems/ruby-3.0.0/gems/webpacker-5.4.3/lib/webpacker/runner.rb:13:in `initialize'
	from /Users/sigitaz/.rvm/gems/ruby-3.0.0/gems/webpacker-5.4.3/lib/webpacker/runner.rb:6:in `new'
	from /Users/sigitaz/.rvm/gems/ruby-3.0.0/gems/webpacker-5.4.3/lib/webpacker/runner.rb:6:in `run'
	from ./bin/webpack:17:in `block in <main>'
	from ./bin/webpack:16:in `chdir'
	from ./bin/webpack:16:in `<main>'

  Rendered layout layouts/application.html.erb (Duration: 254.1ms | Allocations: 5196)
Completed 500 Internal Server Error in 255ms (ActiveRecord: 0.0ms | Allocations: 5553)


  
ActionView::Template::Error (Webpacker can't find application.js in /Users/sigitaz/Documents/Practise/Blog-rails/public/packs/manifest.json. Possible causes:
1. You want to set webpacker.yml value of compile to true for your environment
   unless you are using the `webpack -w` or the webpack-dev-server.
2. webpack has not yet re-run to reflect updates.
3. You have misconfigured Webpacker's config/webpacker.yml file.
4. Your webpack configuration is not creating a manifest.
Your manifest contains:
{
}
):
     7:     <%= csp_meta_tag %>
     8: 
     9:     <%= stylesheet_link_tag 'application', media: 'all', 'data-turbolinks-track': 'reload' %>
    10:     <%= javascript_pack_tag 'application', 'data-turbolinks-track': 'reload' %>
    11:   </head>
    12: 
    13:   <body>
  
app/views/layouts/application.html.erb:10
Started GET "/" for 127.0.0.1 at 2021-12-07 12:28:12 +0000
  [1m[35m (2.8ms)[0m  [1m[34mSELECT sqlite_version(*)[0m
Processing by ArticlesController#index as HTML
  Rendering layout layouts/application.html.erb
  Rendering articles/index.html.erb within layouts/application
  Rendered articles/index.html.erb within layouts/application (Duration: 0.6ms | Allocations: 293)
[Webpacker] Compiling...
[Webpacker] Compiled all packs in /Users/sigitaz/Documents/Practise/Blog-rails/public/packs
[Webpacker] warning ../../../package.json: No license field

[Webpacker] Hash: e2f281de3ea1fdc4fa5a
Version: webpack 4.46.0
Time: 622ms
Built at: 07/12/2021 12:28:13
                                     Asset       Size       Chunks                         Chunk Names
    js/application-be412d64645010827f4e.js    125 KiB  application  [emitted] [immutable]  application
js/application-be412d64645010827f4e.js.map    139 KiB  application  [emitted] [dev]        application
                             manifest.json  364 bytes               [emitted]              
Entrypoint application = js/application-be412d64645010827f4e.js js/application-be412d64645010827f4e.js.map
[./app/javascript/channels sync recursive _channel\.js$] ./app/javascript/channels sync _channel\.js$ 160 bytes {application} [built]
[./app/javascript/channels/index.js] 211 bytes {application} [built]
[./app/javascript/packs/application.js] 492 bytes {application} [built]
[./node_modules/webpack/buildin/module.js] (webpack)/buildin/module.js 552 bytes {application} [built]
    + 3 hidden modules

  Rendered layout layouts/application.html.erb (Duration: 1585.7ms | Allocations: 7508)
Completed 200 OK in 1595ms (Views: 1587.5ms | ActiveRecord: 0.0ms | Allocations: 10686)


Started GET "/" for 127.0.0.1 at 2021-12-07 12:28:18 +0000
Processing by ArticlesController#index as HTML
  Rendering layout layouts/application.html.erb
  Rendering articles/index.html.erb within layouts/application
  Rendered articles/index.html.erb within layouts/application (Duration: 0.1ms | Allocations: 38)
[Webpacker] Everything's up-to-date. Nothing to do
  Rendered layout layouts/application.html.erb (Duration: 8.2ms | Allocations: 3456)
Completed 200 OK in 10ms (Views: 8.8ms | ActiveRecord: 0.0ms | Allocations: 3852)


Started GET "/" for 127.0.0.1 at 2021-12-07 12:28:22 +0000
Processing by ArticlesController#index as HTML
  Rendering layout layouts/application.html.erb
  Rendering articles/index.html.erb within layouts/application
  Rendered articles/index.html.erb within layouts/application (Duration: 0.2ms | Allocations: 38)
[Webpacker] Everything's up-to-date. Nothing to do
  Rendered layout layouts/application.html.erb (Duration: 8.3ms | Allocations: 3443)
Completed 200 OK in 10ms (Views: 9.1ms | ActiveRecord: 0.0ms | Allocations: 3920)


Started GET "/" for 127.0.0.1 at 2021-12-07 12:28:41 +0000
  [1m[35m (6.2ms)[0m  [1m[34mSELECT sqlite_version(*)[0m
Processing by ArticlesController#index as HTML
  Rendering layout layouts/application.html.erb
  Rendering articles/index.html.erb within layouts/application
  Rendered articles/index.html.erb within layouts/application (Duration: 0.5ms | Allocations: 293)
[Webpacker] Everything's up-to-date. Nothing to do
  Rendered layout layouts/application.html.erb (Duration: 5.5ms | Allocations: 6270)
Completed 200 OK in 10ms (Views: 6.6ms | ActiveRecord: 0.0ms | Allocations: 9429)


Started GET "/" for 127.0.0.1 at 2021-12-07 12:29:13 +0000
Processing by ArticlesController#index as HTML
  Rendering layout layouts/application.html.erb
  Rendering articles/index.html.erb within layouts/application
  Rendered articles/index.html.erb within layouts/application (Duration: 0.4ms | Allocations: 109)
[Webpacker] Everything's up-to-date. Nothing to do
  Rendered layout layouts/application.html.erb (Duration: 9.4ms | Allocations: 3751)
Completed 200 OK in 13ms (Views: 11.6ms | ActiveRecord: 0.0ms | Allocations: 4960)


Started GET "/" for 127.0.0.1 at 2021-12-07 12:30:51 +0000
Processing by ArticlesController#index as HTML
  Rendering layout layouts/application.html.erb
  Rendering articles/index.html.erb within layouts/application
  Rendered articles/index.html.erb within layouts/application (Duration: 0.1ms | Allocations: 38)
[Webpacker] Everything's up-to-date. Nothing to do
  Rendered layout layouts/application.html.erb (Duration: 7.4ms | Allocations: 3443)
Completed 200 OK in 9ms (Views: 8.1ms | ActiveRecord: 0.0ms | Allocations: 3891)


  [1m[35m (0.2ms)[0m  [1m[34mSELECT sqlite_version(*)[0m
  [1m[35m (1.1ms)[0m  [1m[35mCREATE TABLE "schema_migrations" ("version" varchar NOT NULL PRIMARY KEY)[0m
  [1m[35m (0.4ms)[0m  [1m[35mCREATE TABLE "ar_internal_metadata" ("key" varchar NOT NULL PRIMARY KEY, "value" varchar, "created_at" datetime(6) NOT NULL, "updated_at" datetime(6) NOT NULL)[0m
  [1m[35m (0.0ms)[0m  [1m[34mSELECT "schema_migrations"."version" FROM "schema_migrations" ORDER BY "schema_migrations"."version" ASC[0m
Migrating to CreateArticles (20211207123346)
  [1m[36mTRANSACTION (0.0ms)[0m  [1m[36mbegin transaction[0m
  [1m[35m (0.2ms)[0m  [1m[35mCREATE TABLE "articles" ("id" integer PRIMARY KEY AUTOINCREMENT NOT NULL, "title" varchar, "body" text, "created_at" datetime(6) NOT NULL, "updated_at" datetime(6) NOT NULL)[0m
  [1m[36mActiveRecord::SchemaMigration Create (0.1ms)[0m  [1m[32mINSERT INTO "schema_migrations" ("version") VALUES (?)[0m  [["version", "20211207123346"]]
  [1m[36mTRANSACTION (0.5ms)[0m  [1m[36mcommit transaction[0m
  [1m[36mActiveRecord::InternalMetadata Load (0.1ms)[0m  [1m[34mSELECT "ar_internal_metadata".* FROM "ar_internal_metadata" WHERE "ar_internal_metadata"."key" = ? LIMIT ?[0m  [["key", "environment"], ["LIMIT", 1]]
  [1m[36mTRANSACTION (0.0ms)[0m  [1m[36mbegin transaction[0m
  [1m[36mActiveRecord::InternalMetadata Create (0.2ms)[0m  [1m[32mINSERT INTO "ar_internal_metadata" ("key", "value", "created_at", "updated_at") VALUES (?, ?, ?, ?)[0m  [["key", "environment"], ["value", "development"], ["created_at", "2021-12-07 12:43:19.718477"], ["updated_at", "2021-12-07 12:43:19.718477"]]
  [1m[36mTRANSACTION (0.3ms)[0m  [1m[36mcommit transaction[0m
  [1m[35m (0.0ms)[0m  [1m[34mSELECT sqlite_version(*)[0m
  [1m[35m (0.0ms)[0m  [1m[34mSELECT "schema_migrations"."version" FROM "schema_migrations" ORDER BY "schema_migrations"."version" ASC[0m
  [1m[35m (0.2ms)[0m  [1m[34mSELECT sqlite_version(*)[0m
  [1m[36mTRANSACTION (0.1ms)[0m  [1m[36mbegin transaction[0m
  [1m[36mArticle Create (0.6ms)[0m  [1m[32mINSERT INTO "articles" ("title", "body", "created_at", "updated_at") VALUES (?, ?, ?, ?)[0m  [["title", "Hello Rails"], ["body", "I am on Rails!"], ["created_at", "2021-12-07 12:49:46.148527"], ["updated_at", "2021-12-07 12:49:46.148527"]]
  [1m[36mTRANSACTION (1.0ms)[0m  [1m[36mcommit transaction[0m
  [1m[36mArticle Load (0.3ms)[0m  [1m[34mSELECT "articles".* FROM "articles" WHERE "articles"."id" = ? LIMIT ?[0m  [["id", 1], ["LIMIT", 1]]
  [1m[36mArticle Load (0.2ms)[0m  [1m[34mSELECT "articles".* FROM "articles" /* loading for inspect */ LIMIT ?[0m  [["LIMIT", 11]]
  [1m[36mTRANSACTION (0.1ms)[0m  [1m[36mbegin transaction[0m
  [1m[36mArticle Create (0.8ms)[0m  [1m[32mINSERT INTO "articles" ("title", "body", "created_at", "updated_at") VALUES (?, ?, ?, ?)[0m  [["title", "test"], ["body", "I am the test"], ["created_at", "2021-12-07 12:53:07.662761"], ["updated_at", "2021-12-07 12:53:07.662761"]]
  [1m[36mTRANSACTION (1.3ms)[0m  [1m[36mcommit transaction[0m
  [1m[36mArticle Load (0.4ms)[0m  [1m[34mSELECT "articles".* FROM "articles" WHERE "articles"."id" = ? LIMIT ?[0m  [["id", 2], ["LIMIT", 1]]
  [1m[36mArticle Load (0.4ms)[0m  [1m[34mSELECT "articles".* FROM "articles" /* loading for inspect */ LIMIT ?[0m  [["LIMIT", 11]]
Started GET "/" for 127.0.0.1 at 2021-12-07 12:58:08 +0000
  [1m[35m (2.8ms)[0m  [1m[34mSELECT sqlite_version(*)[0m
  [1m[35m (0.0ms)[0m  [1m[34mSELECT "schema_migrations"."version" FROM "schema_migrations" ORDER BY "schema_migrations"."version" ASC[0m
Processing by ArticlesController#index as HTML
  Rendering layout layouts/application.html.erb
  Rendering articles/index.html.erb within layouts/application
  [1m[36mArticle Load (0.1ms)[0m  [1m[34mSELECT "articles".* FROM "articles"[0m
  ↳ app/views/articles/index.html.erb:4
  Rendered articles/index.html.erb within layouts/application (Duration: 3.4ms | Allocations: 4192)
[Webpacker] Everything's up-to-date. Nothing to do
  Rendered layout layouts/application.html.erb (Duration: 11.0ms | Allocations: 10165)
Completed 200 OK in 16ms (Views: 12.0ms | ActiveRecord: 0.3ms | Allocations: 13779)


Started GET "/" for 127.0.0.1 at 2021-12-07 13:07:46 +0000
  [1m[35m (0.5ms)[0m  [1m[34mSELECT sqlite_version(*)[0m
  [1m[35m (0.0ms)[0m  [1m[34mSELECT "schema_migrations"."version" FROM "schema_migrations" ORDER BY "schema_migrations"."version" ASC[0m
Processing by ArticlesController#index as HTML
  Rendering layout layouts/application.html.erb
  Rendering articles/index.html.erb within layouts/application
  [1m[36mArticle Load (0.1ms)[0m  [1m[34mSELECT "articles".* FROM "articles"[0m
  ↳ app/views/articles/index.html.erb:4
  Rendered articles/index.html.erb within layouts/application (Duration: 3.4ms | Allocations: 4192)
[Webpacker] Everything's up-to-date. Nothing to do
  Rendered layout layouts/application.html.erb (Duration: 9.1ms | Allocations: 10165)
Completed 200 OK in 14ms (Views: 10.0ms | ActiveRecord: 0.2ms | Allocations: 13779)


Started GET "/articles" for 127.0.0.1 at 2021-12-07 13:08:00 +0000
Processing by ArticlesController#index as HTML
  Rendering layout layouts/application.html.erb
  Rendering articles/index.html.erb within layouts/application
  [1m[36mArticle Load (0.2ms)[0m  [1m[34mSELECT "articles".* FROM "articles"[0m
  ↳ app/views/articles/index.html.erb:4
  Rendered articles/index.html.erb within layouts/application (Duration: 2.5ms | Allocations: 705)
[Webpacker] Everything's up-to-date. Nothing to do
  Rendered layout layouts/application.html.erb (Duration: 11.4ms | Allocations: 4110)
Completed 200 OK in 13ms (Views: 11.9ms | ActiveRecord: 0.2ms | Allocations: 4577)


Started GET "/articles/1" for 127.0.0.1 at 2021-12-07 13:08:06 +0000
Processing by ArticlesController#show as HTML
  Parameters: {"id"=>"1"}
  [1m[36mArticle Load (0.2ms)[0m  [1m[34mSELECT "articles".* FROM "articles" WHERE "articles"."id" = ? LIMIT ?[0m  [["id", 1], ["LIMIT", 1]]
  ↳ app/controllers/articles_controller.rb:7:in `show'
  Rendering layout layouts/application.html.erb
  Rendering articles/show.html.erb within layouts/application
  Rendered articles/show.html.erb within layouts/application (Duration: 0.5ms | Allocations: 145)
[Webpacker] Everything's up-to-date. Nothing to do
  Rendered layout layouts/application.html.erb (Duration: 8.4ms | Allocations: 3550)
Completed 200 OK in 14ms (Views: 9.1ms | ActiveRecord: 0.2ms | Allocations: 5284)


Started GET "/articles/2" for 127.0.0.1 at 2021-12-07 13:08:12 +0000
Processing by ArticlesController#show as HTML
  Parameters: {"id"=>"2"}
  [1m[36mArticle Load (0.2ms)[0m  [1m[34mSELECT "articles".* FROM "articles" WHERE "articles"."id" = ? LIMIT ?[0m  [["id", 2], ["LIMIT", 1]]
  ↳ app/controllers/articles_controller.rb:7:in `show'
  Rendering layout layouts/application.html.erb
  Rendering articles/show.html.erb within layouts/application
  Rendered articles/show.html.erb within layouts/application (Duration: 0.2ms | Allocations: 42)
[Webpacker] Everything's up-to-date. Nothing to do
  Rendered layout layouts/application.html.erb (Duration: 7.3ms | Allocations: 3447)
Completed 200 OK in 10ms (Views: 7.9ms | ActiveRecord: 0.2ms | Allocations: 4446)


Started GET "/articles/1" for 127.0.0.1 at 2021-12-07 13:08:33 +0000
Processing by ArticlesController#show as HTML
  Parameters: {"id"=>"1"}
  [1m[36mArticle Load (0.1ms)[0m  [1m[34mSELECT "articles".* FROM "articles" WHERE "articles"."id" = ? LIMIT ?[0m  [["id", 1], ["LIMIT", 1]]
  ↳ app/controllers/articles_controller.rb:7:in `show'
  Rendering layout layouts/application.html.erb
  Rendering articles/show.html.erb within layouts/application
  Rendered articles/show.html.erb within layouts/application (Duration: 0.1ms | Allocations: 42)
[Webpacker] Everything's up-to-date. Nothing to do
  Rendered layout layouts/application.html.erb (Duration: 6.8ms | Allocations: 3445)
Completed 200 OK in 10ms (Views: 7.5ms | ActiveRecord: 0.1ms | Allocations: 4427)


Started GET "/articles" for 127.0.0.1 at 2021-12-07 13:08:40 +0000
Processing by ArticlesController#index as HTML
  Rendering layout layouts/application.html.erb
  Rendering articles/index.html.erb within layouts/application
  [1m[36mArticle Load (0.2ms)[0m  [1m[34mSELECT "articles".* FROM "articles"[0m
  ↳ app/views/articles/index.html.erb:4
  Rendered articles/index.html.erb within layouts/application (Duration: 2.2ms | Allocations: 697)
[Webpacker] Everything's up-to-date. Nothing to do
  Rendered layout layouts/application.html.erb (Duration: 9.5ms | Allocations: 4100)
Completed 200 OK in 12ms (Views: 10.1ms | ActiveRecord: 0.2ms | Allocations: 4553)


Started GET "/articles" for 127.0.0.1 at 2021-12-07 13:10:05 +0000
Processing by ArticlesController#index as HTML
  Rendering layout layouts/application.html.erb
  Rendering articles/index.html.erb within layouts/application
  [1m[36mArticle Load (0.2ms)[0m  [1m[34mSELECT "articles".* FROM "articles"[0m
  ↳ app/views/articles/index.html.erb:4
  Rendered articles/index.html.erb within layouts/application (Duration: 2.8ms | Allocations: 860)
[Webpacker] Everything's up-to-date. Nothing to do
  Rendered layout layouts/application.html.erb (Duration: 12.6ms | Allocations: 4500)
Completed 200 OK in 18ms (Views: 15.7ms | ActiveRecord: 0.2ms | Allocations: 5714)


Started GET "/articles/1" for 127.0.0.1 at 2021-12-07 13:10:07 +0000
Processing by ArticlesController#show as HTML
  Parameters: {"id"=>"1"}
  [1m[36mArticle Load (0.2ms)[0m  [1m[34mSELECT "articles".* FROM "articles" WHERE "articles"."id" = ? LIMIT ?[0m  [["id", 1], ["LIMIT", 1]]
  ↳ app/controllers/articles_controller.rb:7:in `show'
  Rendering layout layouts/application.html.erb
  Rendering articles/show.html.erb within layouts/application
  Rendered articles/show.html.erb within layouts/application (Duration: 0.9ms | Allocations: 136)
[Webpacker] Everything's up-to-date. Nothing to do
  Rendered layout layouts/application.html.erb (Duration: 8.8ms | Allocations: 4137)
Completed 200 OK in 13ms (Views: 9.5ms | ActiveRecord: 0.2ms | Allocations: 5268)


Started GET "/articles/2" for 127.0.0.1 at 2021-12-07 13:10:10 +0000
Processing by ArticlesController#show as HTML
  Parameters: {"id"=>"2"}
  [1m[36mArticle Load (0.2ms)[0m  [1m[34mSELECT "articles".* FROM "articles" WHERE "articles"."id" = ? LIMIT ?[0m  [["id", 2], ["LIMIT", 1]]
  ↳ app/controllers/articles_controller.rb:7:in `show'
  Rendering layout layouts/application.html.erb
  Rendering articles/show.html.erb within layouts/application
  Rendered articles/show.html.erb within layouts/application (Duration: 0.1ms | Allocations: 42)
[Webpacker] Everything's up-to-date. Nothing to do
  Rendered layout layouts/application.html.erb (Duration: 8.4ms | Allocations: 4006)
Completed 200 OK in 11ms (Views: 9.1ms | ActiveRecord: 0.2ms | Allocations: 5023)


Started GET "/articles" for 127.0.0.1 at 2021-12-07 13:11:56 +0000
  [1m[35m (0.2ms)[0m  [1m[34mSELECT sqlite_version(*)[0m
  [1m[35m (0.1ms)[0m  [1m[34mSELECT "schema_migrations"."version" FROM "schema_migrations" ORDER BY "schema_migrations"."version" ASC[0m
Processing by ArticlesController#index as HTML
  Rendering layout layouts/application.html.erb
  Rendering articles/index.html.erb within layouts/application
  [1m[36mArticle Load (0.2ms)[0m  [1m[34mSELECT "articles".* FROM "articles"[0m
  ↳ app/views/articles/index.html.erb:4
  Rendered articles/index.html.erb within layouts/application (Duration: 3.2ms | Allocations: 4217)
[Webpacker] Everything's up-to-date. Nothing to do
  Rendered layout layouts/application.html.erb (Duration: 9.7ms | Allocations: 10191)
Completed 200 OK in 15ms (Views: 10.5ms | ActiveRecord: 0.3ms | Allocations: 13804)


Started GET "/" for 127.0.0.1 at 2021-12-07 13:11:58 +0000
Processing by ArticlesController#index as HTML
  Rendering layout layouts/application.html.erb
  Rendering articles/index.html.erb within layouts/application
  [1m[36mArticle Load (0.2ms)[0m  [1m[34mSELECT "articles".* FROM "articles"[0m
  ↳ app/views/articles/index.html.erb:4
  Rendered articles/index.html.erb within layouts/application (Duration: 1.9ms | Allocations: 709)
[Webpacker] Everything's up-to-date. Nothing to do
  Rendered layout layouts/application.html.erb (Duration: 9.3ms | Allocations: 4114)
Completed 200 OK in 11ms (Views: 9.7ms | ActiveRecord: 0.2ms | Allocations: 4581)


Started GET "/articles/1" for 127.0.0.1 at 2021-12-07 13:12:00 +0000
Processing by ArticlesController#show as HTML
  Parameters: {"id"=>"1"}
  [1m[36mArticle Load (0.3ms)[0m  [1m[34mSELECT "articles".* FROM "articles" WHERE "articles"."id" = ? LIMIT ?[0m  [["id", 1], ["LIMIT", 1]]
  ↳ app/controllers/articles_controller.rb:7:in `show'
  Rendering layout layouts/application.html.erb
  Rendering articles/show.html.erb within layouts/application
  Rendered articles/show.html.erb within layouts/application (Duration: 0.7ms | Allocations: 159)
[Webpacker] Everything's up-to-date. Nothing to do
  Rendered layout layouts/application.html.erb (Duration: 8.2ms | Allocations: 3661)
Completed 200 OK in 16ms (Views: 8.9ms | ActiveRecord: 0.3ms | Allocations: 5885)


Started GET "/articles/2" for 127.0.0.1 at 2021-12-07 13:12:03 +0000
Processing by ArticlesController#show as HTML
  Parameters: {"id"=>"2"}
  [1m[36mArticle Load (0.2ms)[0m  [1m[34mSELECT "articles".* FROM "articles" WHERE "articles"."id" = ? LIMIT ?[0m  [["id", 2], ["LIMIT", 1]]
  ↳ app/controllers/articles_controller.rb:7:in `show'
  Rendering layout layouts/application.html.erb
  Rendering articles/show.html.erb within layouts/application
  Rendered articles/show.html.erb within layouts/application (Duration: 0.1ms | Allocations: 42)
[Webpacker] Everything's up-to-date. Nothing to do
  Rendered layout layouts/application.html.erb (Duration: 8.1ms | Allocations: 4053)
Completed 200 OK in 11ms (Views: 8.6ms | ActiveRecord: 0.2ms | Allocations: 5055)


Started GET "/" for 127.0.0.1 at 2021-12-07 13:15:00 +0000
Processing by ArticlesController#index as HTML
  Rendering layout layouts/application.html.erb
  Rendering articles/index.html.erb within layouts/application
  [1m[35m (0.0ms)[0m  [1m[34mSELECT sqlite_version(*)[0m
  ↳ app/views/articles/index.html.erb:4
  [1m[36mArticle Load (0.2ms)[0m  [1m[34mSELECT "articles".* FROM "articles"[0m
  ↳ app/views/articles/index.html.erb:4
  Rendered articles/index.html.erb within layouts/application (Duration: 14.4ms | Allocations: 4015)
[Webpacker] Everything's up-to-date. Nothing to do
  Rendered layout layouts/application.html.erb (Duration: 18.4ms | Allocations: 7473)
Completed 200 OK in 20ms (Views: 19.0ms | ActiveRecord: 0.8ms | Allocations: 8520)


Started GET "/articles/1" for 127.0.0.1 at 2021-12-07 13:15:02 +0000
Processing by ArticlesController#show as HTML
  Parameters: {"id"=>"1"}
  [1m[36mArticle Load (0.3ms)[0m  [1m[34mSELECT "articles".* FROM "articles" WHERE "articles"."id" = ? LIMIT ?[0m  [["id", 1], ["LIMIT", 1]]
  ↳ app/controllers/articles_controller.rb:7:in `show'
  Rendering layout layouts/application.html.erb
  Rendering articles/show.html.erb within layouts/application
  Rendered articles/show.html.erb within layouts/application (Duration: 0.1ms | Allocations: 44)
[Webpacker] Everything's up-to-date. Nothing to do
  Rendered layout layouts/application.html.erb (Duration: 8.1ms | Allocations: 3594)
Completed 200 OK in 13ms (Views: 8.7ms | ActiveRecord: 0.3ms | Allocations: 5183)


Started GET "/" for 127.0.0.1 at 2021-12-07 13:28:19 +0000
  [1m[35m (0.2ms)[0m  [1m[34mSELECT sqlite_version(*)[0m
  [1m[35m (0.1ms)[0m  [1m[34mSELECT "schema_migrations"."version" FROM "schema_migrations" ORDER BY "schema_migrations"."version" ASC[0m
Processing by ArticlesController#index as HTML
  Rendering layout layouts/application.html.erb
  Rendering articles/index.html.erb within layouts/application
  [1m[36mArticle Load (0.2ms)[0m  [1m[34mSELECT "articles".* FROM "articles"[0m
  ↳ app/views/articles/index.html.erb:4
  Rendered articles/index.html.erb within layouts/application (Duration: 3.3ms | Allocations: 4428)
[Webpacker] Everything's up-to-date. Nothing to do
  Rendered layout layouts/application.html.erb (Duration: 8.0ms | Allocations: 10385)
Completed 200 OK in 13ms (Views: 8.7ms | ActiveRecord: 0.3ms | Allocations: 13998)


Started GET "/articles/1" for 127.0.0.1 at 2021-12-07 13:28:20 +0000
Processing by ArticlesController#show as HTML
  Parameters: {"id"=>"1"}
  [1m[36mArticle Load (0.3ms)[0m  [1m[34mSELECT "articles".* FROM "articles" WHERE "articles"."id" = ? LIMIT ?[0m  [["id", 1], ["LIMIT", 1]]
  ↳ app/controllers/articles_controller.rb:7:in `show'
  Rendering layout layouts/application.html.erb
  Rendering articles/show.html.erb within layouts/application
  Rendered articles/show.html.erb within layouts/application (Duration: 0.9ms | Allocations: 176)
[Webpacker] Everything's up-to-date. Nothing to do
  Rendered layout layouts/application.html.erb (Duration: 9.6ms | Allocations: 4104)
Completed 200 OK in 17ms (Views: 10.6ms | ActiveRecord: 0.3ms | Allocations: 5881)


Started GET "/" for 127.0.0.1 at 2021-12-07 13:39:08 +0000
  [1m[35m (0.2ms)[0m  [1m[34mSELECT sqlite_version(*)[0m
  [1m[35m (0.1ms)[0m  [1m[34mSELECT "schema_migrations"."version" FROM "schema_migrations" ORDER BY "schema_migrations"."version" ASC[0m
Processing by ArticlesController#index as HTML
  Rendering layout layouts/application.html.erb
  Rendering articles/index.html.erb within layouts/application
  [1m[36mArticle Load (0.2ms)[0m  [1m[34mSELECT "articles".* FROM "articles"[0m
  ↳ app/views/articles/index.html.erb:4
  Rendered articles/index.html.erb within layouts/application (Duration: 3.9ms | Allocations: 4428)
[Webpacker] Everything's up-to-date. Nothing to do
  Rendered layout layouts/application.html.erb (Duration: 35.1ms | Allocations: 10388)
Completed 200 OK in 41ms (Views: 36.0ms | ActiveRecord: 0.4ms | Allocations: 14002)


Started GET "/articles/new" for 127.0.0.1 at 2021-12-07 13:48:48 +0000
Processing by ArticlesController#new as HTML
  [1m[35m (0.1ms)[0m  [1m[34mSELECT sqlite_version(*)[0m
  ↳ app/controllers/articles_controller.rb:11:in `new'
  Rendering layout layouts/application.html.erb
  Rendering articles/new.html.erb within layouts/application
  Rendered articles/new.html.erb within layouts/application (Duration: 12.1ms | Allocations: 4962)
[Webpacker] Everything's up-to-date. Nothing to do
  Rendered layout layouts/application.html.erb (Duration: 17.2ms | Allocations: 8570)
Completed 200 OK in 25ms (Views: 18.5ms | ActiveRecord: 0.2ms | Allocations: 13262)


Started GET "/articles/show" for 127.0.0.1 at 2021-12-07 13:49:04 +0000
Processing by ArticlesController#show as HTML
  Parameters: {"id"=>"show"}
  [1m[36mArticle Load (0.2ms)[0m  [1m[34mSELECT "articles".* FROM "articles" WHERE "articles"."id" = ? LIMIT ?[0m  [["id", nil], ["LIMIT", 1]]
  ↳ app/controllers/articles_controller.rb:7:in `show'
Completed 404 Not Found in 4ms (ActiveRecord: 0.2ms | Allocations: 1776)


  
ActiveRecord::RecordNotFound (Couldn't find Article with 'id'=show):
  
app/controllers/articles_controller.rb:7:in `show'
Started GET "/articles/new" for 127.0.0.1 at 2021-12-07 13:49:12 +0000
Processing by ArticlesController#new as HTML
  Rendering layout layouts/application.html.erb
  Rendering articles/new.html.erb within layouts/application
  Rendered articles/new.html.erb within layouts/application (Duration: 1.5ms | Allocations: 679)
[Webpacker] Everything's up-to-date. Nothing to do
  Rendered layout layouts/application.html.erb (Duration: 10.0ms | Allocations: 4081)
Completed 200 OK in 12ms (Views: 10.7ms | ActiveRecord: 0.0ms | Allocations: 4548)


Started POST "/articles" for 127.0.0.1 at 2021-12-07 13:51:00 +0000
Processing by ArticlesController#create as HTML
  Parameters: {"authenticity_token"=>"[FILTERED]", "article"=>{"title"=>"new title", "body"=>"new body ......."}, "commit"=>"Create Article"}
  [1m[36mTRANSACTION (0.1ms)[0m  [1m[36mbegin transaction[0m
  ↳ app/controllers/articles_controller.rb:17:in `create'
  [1m[36mArticle Create (1.1ms)[0m  [1m[32mINSERT INTO "articles" ("title", "body", "created_at", "updated_at") VALUES (?, ?, ?, ?)[0m  [["title", "new title"], ["body", "new body ......."], ["created_at", "2021-12-07 13:51:00.049414"], ["updated_at", "2021-12-07 13:51:00.049414"]]
  ↳ app/controllers/articles_controller.rb:17:in `create'
  [1m[36mTRANSACTION (0.9ms)[0m  [1m[36mcommit transaction[0m
  ↳ app/controllers/articles_controller.rb:17:in `create'
Redirected to http://127.0.0.1:3000/articles/3
Completed 302 Found in 10ms (ActiveRecord: 2.0ms | Allocations: 3082)


Started GET "/articles/3" for 127.0.0.1 at 2021-12-07 13:51:00 +0000
Processing by ArticlesController#show as HTML
  Parameters: {"id"=>"3"}
  [1m[36mArticle Load (0.2ms)[0m  [1m[34mSELECT "articles".* FROM "articles" WHERE "articles"."id" = ? LIMIT ?[0m  [["id", 3], ["LIMIT", 1]]
  ↳ app/controllers/articles_controller.rb:7:in `show'
  Rendering layout layouts/application.html.erb
  Rendering articles/show.html.erb within layouts/application
  Rendered articles/show.html.erb within layouts/application (Duration: 0.8ms | Allocations: 142)
[Webpacker] Everything's up-to-date. Nothing to do
  Rendered layout layouts/application.html.erb (Duration: 11.2ms | Allocations: 3547)
Completed 200 OK in 15ms (Views: 11.8ms | ActiveRecord: 0.2ms | Allocations: 4669)


Started GET "/articles" for 127.0.0.1 at 2021-12-07 13:51:12 +0000
Processing by ArticlesController#index as HTML
  Rendering layout layouts/application.html.erb
  Rendering articles/index.html.erb within layouts/application
  [1m[36mArticle Load (0.2ms)[0m  [1m[34mSELECT "articles".* FROM "articles"[0m
  ↳ app/views/articles/index.html.erb:4
  Rendered articles/index.html.erb within layouts/application (Duration: 3.1ms | Allocations: 981)
[Webpacker] Everything's up-to-date. Nothing to do
  Rendered layout layouts/application.html.erb (Duration: 10.8ms | Allocations: 4393)
Completed 200 OK in 13ms (Views: 11.2ms | ActiveRecord: 0.2ms | Allocations: 4987)


Started GET "/articles/3" for 127.0.0.1 at 2021-12-07 13:51:14 +0000
Processing by ArticlesController#show as HTML
  Parameters: {"id"=>"3"}
  [1m[36mArticle Load (0.1ms)[0m  [1m[34mSELECT "articles".* FROM "articles" WHERE "articles"."id" = ? LIMIT ?[0m  [["id", 3], ["LIMIT", 1]]
  ↳ app/controllers/articles_controller.rb:7:in `show'
  Rendering layout layouts/application.html.erb
  Rendering articles/show.html.erb within layouts/application
  Rendered articles/show.html.erb within layouts/application (Duration: 0.1ms | Allocations: 42)
[Webpacker] Everything's up-to-date. Nothing to do
  Rendered layout layouts/application.html.erb (Duration: 9.1ms | Allocations: 4045)
Completed 200 OK in 12ms (Views: 9.7ms | ActiveRecord: 0.1ms | Allocations: 5030)


Started GET "/articles" for 127.0.0.1 at 2021-12-07 13:54:13 +0000
  [1m[35m (0.2ms)[0m  [1m[34mSELECT sqlite_version(*)[0m
  [1m[35m (0.1ms)[0m  [1m[34mSELECT "schema_migrations"."version" FROM "schema_migrations" ORDER BY "schema_migrations"."version" ASC[0m
Processing by ArticlesController#index as HTML
  Rendering layout layouts/application.html.erb
  Rendering articles/index.html.erb within layouts/application
  [1m[36mArticle Load (0.1ms)[0m  [1m[34mSELECT "articles".* FROM "articles"[0m
  ↳ app/views/articles/index.html.erb:4
  Rendered articles/index.html.erb within layouts/application (Duration: 3.3ms | Allocations: 4504)
[Webpacker] Everything's up-to-date. Nothing to do
  Rendered layout layouts/application.html.erb (Duration: 7.8ms | Allocations: 10461)
Completed 200 OK in 13ms (Views: 8.7ms | ActiveRecord: 0.2ms | Allocations: 14248)


Started GET "/articles/new" for 127.0.0.1 at 2021-12-07 13:54:21 +0000
Processing by ArticlesController#new as HTML
  Rendering layout layouts/application.html.erb
  Rendering articles/new.html.erb within layouts/application
  Rendered articles/new.html.erb within layouts/application (Duration: 9.2ms | Allocations: 2767)
[Webpacker] Everything's up-to-date. Nothing to do
  Rendered layout layouts/application.html.erb (Duration: 17.4ms | Allocations: 6762)
Completed 200 OK in 20ms (Views: 18.1ms | ActiveRecord: 0.0ms | Allocations: 7391)


Started GET "/articles/new" for 127.0.0.1 at 2021-12-07 13:54:40 +0000
Processing by ArticlesController#new as HTML
  Rendering layout layouts/application.html.erb
  Rendering articles/new.html.erb within layouts/application
  Rendered articles/new.html.erb within layouts/application (Duration: 1.6ms | Allocations: 679)
[Webpacker] Everything's up-to-date. Nothing to do
  Rendered layout layouts/application.html.erb (Duration: 10.4ms | Allocations: 4669)
Completed 200 OK in 12ms (Views: 11.0ms | ActiveRecord: 0.0ms | Allocations: 5127)


Started GET "/articles/new" for 127.0.0.1 at 2021-12-07 13:57:06 +0000
Processing by ArticlesController#new as HTML
  Rendering layout layouts/application.html.erb
  Rendering articles/new.html.erb within layouts/application
  Rendered articles/new.html.erb within layouts/application (Duration: 1.6ms | Allocations: 678)
[Webpacker] Everything's up-to-date. Nothing to do
  Rendered layout layouts/application.html.erb (Duration: 10.0ms | Allocations: 4577)
Completed 200 OK in 11ms (Views: 10.6ms | ActiveRecord: 0.0ms | Allocations: 5048)


Started GET "/" for 127.0.0.1 at 2021-12-07 14:00:54 +0000
Processing by ArticlesController#index as HTML
  Rendering layout layouts/application.html.erb
  Rendering articles/index.html.erb within layouts/application
  [1m[35m (0.1ms)[0m  [1m[34mSELECT sqlite_version(*)[0m
  ↳ app/views/articles/index.html.erb:4
  [1m[36mArticle Load (0.4ms)[0m  [1m[34mSELECT "articles".* FROM "articles"[0m
  ↳ app/views/articles/index.html.erb:4
  Rendered articles/index.html.erb within layouts/application (Duration: 5.4ms | Allocations: 1549)
[Webpacker] Everything's up-to-date. Nothing to do
  Rendered layout layouts/application.html.erb (Duration: 15.7ms | Allocations: 4954)
Completed 200 OK in 17ms (Views: 16.3ms | ActiveRecord: 0.7ms | Allocations: 5415)


Started GET "/articles/1" for 127.0.0.1 at 2021-12-07 14:00:59 +0000
Processing by ArticlesController#show as HTML
  Parameters: {"id"=>"1"}
  [1m[36mArticle Load (0.3ms)[0m  [1m[34mSELECT "articles".* FROM "articles" WHERE "articles"."id" = ? LIMIT ?[0m  [["id", 1], ["LIMIT", 1]]
  ↳ app/controllers/articles_controller.rb:7:in `show'
  Rendering layout layouts/application.html.erb
  Rendering articles/show.html.erb within layouts/application
  Rendered articles/show.html.erb within layouts/application (Duration: 1.1ms | Allocations: 223)
[Webpacker] Everything's up-to-date. Nothing to do
  Rendered layout layouts/application.html.erb (Duration: 9.1ms | Allocations: 3576)
Completed 200 OK in 24ms (Views: 9.8ms | ActiveRecord: 0.3ms | Allocations: 7794)


Started GET "/articles/2" for 127.0.0.1 at 2021-12-07 14:01:03 +0000
Processing by ArticlesController#show as HTML
  Parameters: {"id"=>"2"}
  [1m[36mArticle Load (0.2ms)[0m  [1m[34mSELECT "articles".* FROM "articles" WHERE "articles"."id" = ? LIMIT ?[0m  [["id", 2], ["LIMIT", 1]]
  ↳ app/controllers/articles_controller.rb:7:in `show'
  Rendering layout layouts/application.html.erb
  Rendering articles/show.html.erb within layouts/application
  Rendered articles/show.html.erb within layouts/application (Duration: 0.1ms | Allocations: 42)
[Webpacker] Everything's up-to-date. Nothing to do
  Rendered layout layouts/application.html.erb (Duration: 9.2ms | Allocations: 3603)
Completed 200 OK in 14ms (Views: 10.9ms | ActiveRecord: 0.2ms | Allocations: 5042)


Started GET "/articles/3" for 127.0.0.1 at 2021-12-07 14:01:06 +0000
Processing by ArticlesController#show as HTML
  Parameters: {"id"=>"3"}
  [1m[36mArticle Load (0.3ms)[0m  [1m[34mSELECT "articles".* FROM "articles" WHERE "articles"."id" = ? LIMIT ?[0m  [["id", 3], ["LIMIT", 1]]
  ↳ app/controllers/articles_controller.rb:7:in `show'
  Rendering layout layouts/application.html.erb
  Rendering articles/show.html.erb within layouts/application
  Rendered articles/show.html.erb within layouts/application (Duration: 0.1ms | Allocations: 42)
[Webpacker] Everything's up-to-date. Nothing to do
  Rendered layout layouts/application.html.erb (Duration: 8.3ms | Allocations: 4037)
Completed 200 OK in 12ms (Views: 9.1ms | ActiveRecord: 0.3ms | Allocations: 5029)


Started GET "/articles/new" for 127.0.0.1 at 2021-12-07 14:01:10 +0000
Processing by ArticlesController#new as HTML
  Rendering layout layouts/application.html.erb
  Rendering articles/new.html.erb within layouts/application
  Rendered articles/new.html.erb within layouts/application (Duration: 1.9ms | Allocations: 678)
[Webpacker] Everything's up-to-date. Nothing to do
  Rendered layout layouts/application.html.erb (Duration: 9.7ms | Allocations: 4674)
Completed 200 OK in 11ms (Views: 10.3ms | ActiveRecord: 0.0ms | Allocations: 5142)


Started GET "/articles/" for 127.0.0.1 at 2021-12-07 14:11:53 +0000
Processing by ArticlesController#index as HTML
  Rendering layout layouts/application.html.erb
  Rendering articles/index.html.erb within layouts/application
  [1m[35m (0.0ms)[0m  [1m[34mSELECT sqlite_version(*)[0m
  ↳ app/views/articles/index.html.erb:4
  [1m[36mArticle Load (0.1ms)[0m  [1m[34mSELECT "articles".* FROM "articles"[0m
  ↳ app/views/articles/index.html.erb:4
  Rendered articles/index.html.erb within layouts/application (Duration: 5.8ms | Allocations: 4021)
[Webpacker] Everything's up-to-date. Nothing to do
  Rendered layout layouts/application.html.erb (Duration: 12.1ms | Allocations: 7636)
Completed 200 OK in 16ms (Views: 13.8ms | ActiveRecord: 0.3ms | Allocations: 9440)


Started GET "/articles/new" for 127.0.0.1 at 2021-12-07 14:11:58 +0000
Processing by ArticlesController#new as HTML
  Rendering layout layouts/application.html.erb
  Rendering articles/new.html.erb within layouts/application
  Rendered articles/_form.html.erb (Duration: 2.3ms | Allocations: 1008)
  Rendered articles/new.html.erb within layouts/application (Duration: 4.1ms | Allocations: 1380)
[Webpacker] Everything's up-to-date. Nothing to do
  Rendered layout layouts/application.html.erb (Duration: 20.3ms | Allocations: 5295)
Completed 200 OK in 22ms (Views: 21.1ms | ActiveRecord: 0.0ms | Allocations: 5921)


Started POST "/articles" for 127.0.0.1 at 2021-12-07 14:12:27 +0000
Processing by ArticlesController#create as HTML
  Parameters: {"authenticity_token"=>"[FILTERED]", "article"=>{"title"=>"hello", "body"=>"I said goodbye"}, "commit"=>"Create Article"}
  [1m[36mTRANSACTION (0.1ms)[0m  [1m[36mbegin transaction[0m
  ↳ app/controllers/articles_controller.rb:17:in `create'
  [1m[36mArticle Create (0.6ms)[0m  [1m[32mINSERT INTO "articles" ("title", "body", "created_at", "updated_at") VALUES (?, ?, ?, ?)[0m  [["title", "hello"], ["body", "I said goodbye"], ["created_at", "2021-12-07 14:12:27.365282"], ["updated_at", "2021-12-07 14:12:27.365282"]]
  ↳ app/controllers/articles_controller.rb:17:in `create'
  [1m[36mTRANSACTION (1.3ms)[0m  [1m[36mcommit transaction[0m
  ↳ app/controllers/articles_controller.rb:17:in `create'
Redirected to http://127.0.0.1:3000/articles/4
Completed 302 Found in 11ms (ActiveRecord: 2.0ms | Allocations: 3091)


Started GET "/articles/4" for 127.0.0.1 at 2021-12-07 14:12:27 +0000
Processing by ArticlesController#show as HTML
  Parameters: {"id"=>"4"}
  [1m[36mArticle Load (0.5ms)[0m  [1m[34mSELECT "articles".* FROM "articles" WHERE "articles"."id" = ? LIMIT ?[0m  [["id", 4], ["LIMIT", 1]]
  ↳ app/controllers/articles_controller.rb:7:in `show'
  Rendering layout layouts/application.html.erb
  Rendering articles/show.html.erb within layouts/application
  Rendered articles/show.html.erb within layouts/application (Duration: 0.8ms | Allocations: 140)
[Webpacker] Everything's up-to-date. Nothing to do
  Rendered layout layouts/application.html.erb (Duration: 8.2ms | Allocations: 3553)
Completed 200 OK in 13ms (Views: 8.7ms | ActiveRecord: 0.5ms | Allocations: 4799)


Started GET "/articles/" for 127.0.0.1 at 2021-12-07 14:12:32 +0000
Processing by ArticlesController#index as HTML
  Rendering layout layouts/application.html.erb
  Rendering articles/index.html.erb within layouts/application
  [1m[36mArticle Load (0.2ms)[0m  [1m[34mSELECT "articles".* FROM "articles"[0m
  ↳ app/views/articles/index.html.erb:4
  Rendered articles/index.html.erb within layouts/application (Duration: 2.5ms | Allocations: 863)
[Webpacker] Everything's up-to-date. Nothing to do
  Rendered layout layouts/application.html.erb (Duration: 9.9ms | Allocations: 4265)
Completed 200 OK in 11ms (Views: 10.4ms | ActiveRecord: 0.2ms | Allocations: 4718)


Started GET "/articles/4" for 127.0.0.1 at 2021-12-07 14:12:35 +0000
Processing by ArticlesController#show as HTML
  Parameters: {"id"=>"4"}
  [1m[36mArticle Load (0.2ms)[0m  [1m[34mSELECT "articles".* FROM "articles" WHERE "articles"."id" = ? LIMIT ?[0m  [["id", 4], ["LIMIT", 1]]
  ↳ app/controllers/articles_controller.rb:7:in `show'
  Rendering layout layouts/application.html.erb
  Rendering articles/show.html.erb within layouts/application
  Rendered articles/show.html.erb within layouts/application (Duration: 0.1ms | Allocations: 42)
[Webpacker] Everything's up-to-date. Nothing to do
  Rendered layout layouts/application.html.erb (Duration: 8.6ms | Allocations: 4043)
Completed 200 OK in 11ms (Views: 9.2ms | ActiveRecord: 0.2ms | Allocations: 5028)


Started GET "/articles/4/edit" for 127.0.0.1 at 2021-12-07 14:12:42 +0000
Processing by ArticlesController#edit as HTML
  Parameters: {"id"=>"4"}
  [1m[36mArticle Load (0.2ms)[0m  [1m[34mSELECT "articles".* FROM "articles" WHERE "articles"."id" = ? LIMIT ?[0m  [["id", 4], ["LIMIT", 1]]
  ↳ app/controllers/articles_controller.rb:25:in `edit'
  Rendering layout layouts/application.html.erb
  Rendering articles/edit.html.erb within layouts/application
  Rendered articles/_form.html.erb (Duration: 1.9ms | Allocations: 738)
  Rendered articles/edit.html.erb within layouts/application (Duration: 2.5ms | Allocations: 920)
[Webpacker] Everything's up-to-date. Nothing to do
  Rendered layout layouts/application.html.erb (Duration: 10.3ms | Allocations: 4318)
Completed 200 OK in 15ms (Views: 11.0ms | ActiveRecord: 0.2ms | Allocations: 5430)


Started GET "/" for 127.0.0.1 at 2021-12-07 14:14:19 +0000
Processing by ArticlesController#index as HTML
  Rendering layout layouts/application.html.erb
  Rendering articles/index.html.erb within layouts/application
  [1m[36mArticle Load (0.2ms)[0m  [1m[34mSELECT "articles".* FROM "articles"[0m
  ↳ app/views/articles/index.html.erb:4
  Rendered articles/index.html.erb within layouts/application (Duration: 3.1ms | Allocations: 1031)
[Webpacker] Everything's up-to-date. Nothing to do
  Rendered layout layouts/application.html.erb (Duration: 12.9ms | Allocations: 4667)
Completed 200 OK in 16ms (Views: 14.8ms | ActiveRecord: 0.2ms | Allocations: 5886)


Started GET "/articles/4" for 127.0.0.1 at 2021-12-07 14:14:22 +0000
Processing by ArticlesController#show as HTML
  Parameters: {"id"=>"4"}
  [1m[36mArticle Load (0.2ms)[0m  [1m[34mSELECT "articles".* FROM "articles" WHERE "articles"."id" = ? LIMIT ?[0m  [["id", 4], ["LIMIT", 1]]
  ↳ app/controllers/articles_controller.rb:7:in `show'
  Rendering layout layouts/application.html.erb
  Rendering articles/show.html.erb within layouts/application
  Rendered articles/show.html.erb within layouts/application (Duration: 0.9ms | Allocations: 202)
[Webpacker] Everything's up-to-date. Nothing to do
  Rendered layout layouts/application.html.erb (Duration: 8.5ms | Allocations: 3715)
Completed 200 OK in 13ms (Views: 9.2ms | ActiveRecord: 0.2ms | Allocations: 5313)


Started GET "/articles/4/edit" for 127.0.0.1 at 2021-12-07 14:14:29 +0000
Processing by ArticlesController#edit as HTML
  Parameters: {"id"=>"4"}
  [1m[36mArticle Load (0.1ms)[0m  [1m[34mSELECT "articles".* FROM "articles" WHERE "articles"."id" = ? LIMIT ?[0m  [["id", 4], ["LIMIT", 1]]
  ↳ app/controllers/articles_controller.rb:25:in `edit'
  Rendering layout layouts/application.html.erb
  Rendering articles/edit.html.erb within layouts/application
  Rendered articles/_form.html.erb (Duration: 2.0ms | Allocations: 1018)
  Rendered articles/edit.html.erb within layouts/application (Duration: 3.3ms | Allocations: 1328)
[Webpacker] Everything's up-to-date. Nothing to do
  Rendered layout layouts/application.html.erb (Duration: 11.7ms | Allocations: 5321)
Completed 200 OK in 15ms (Views: 12.2ms | ActiveRecord: 0.1ms | Allocations: 6431)


Started PATCH "/articles/4" for 127.0.0.1 at 2021-12-07 14:15:32 +0000
Processing by ArticlesController#update as HTML
  Parameters: {"authenticity_token"=>"[FILTERED]", "article"=>{"title"=>"hello", "body"=>"I said goodbye!"}, "commit"=>"Update Article", "id"=>"4"}
  [1m[36mArticle Load (0.2ms)[0m  [1m[34mSELECT "articles".* FROM "articles" WHERE "articles"."id" = ? LIMIT ?[0m  [["id", 4], ["LIMIT", 1]]
  ↳ app/controllers/articles_controller.rb:29:in `update'
  [1m[36mTRANSACTION (0.1ms)[0m  [1m[36mbegin transaction[0m
  ↳ app/controllers/articles_controller.rb:31:in `update'
  [1m[36mArticle Update (0.7ms)[0m  [1m[33mUPDATE "articles" SET "body" = ?, "updated_at" = ? WHERE "articles"."id" = ?[0m  [["body", "I said goodbye!"], ["updated_at", "2021-12-07 14:15:32.060976"], ["id", 4]]
  ↳ app/controllers/articles_controller.rb:31:in `update'
  [1m[36mTRANSACTION (1.1ms)[0m  [1m[36mcommit transaction[0m
  ↳ app/controllers/articles_controller.rb:31:in `update'
Redirected to http://127.0.0.1:3000/articles/4
Completed 302 Found in 11ms (ActiveRecord: 2.0ms | Allocations: 3135)


Started GET "/articles/4" for 127.0.0.1 at 2021-12-07 14:15:32 +0000
Processing by ArticlesController#show as HTML
  Parameters: {"id"=>"4"}
  [1m[36mArticle Load (0.2ms)[0m  [1m[34mSELECT "articles".* FROM "articles" WHERE "articles"."id" = ? LIMIT ?[0m  [["id", 4], ["LIMIT", 1]]
  ↳ app/controllers/articles_controller.rb:7:in `show'
  Rendering layout layouts/application.html.erb
  Rendering articles/show.html.erb within layouts/application
  Rendered articles/show.html.erb within layouts/application (Duration: 0.2ms | Allocations: 78)
[Webpacker] Everything's up-to-date. Nothing to do
  Rendered layout layouts/application.html.erb (Duration: 6.7ms | Allocations: 3490)
Completed 200 OK in 10ms (Views: 7.2ms | ActiveRecord: 0.2ms | Allocations: 4474)


Started GET "/articles/" for 127.0.0.1 at 2021-12-07 14:15:37 +0000
Processing by ArticlesController#index as HTML
  Rendering layout layouts/application.html.erb
  Rendering articles/index.html.erb within layouts/application
  [1m[36mArticle Load (0.2ms)[0m  [1m[34mSELECT "articles".* FROM "articles"[0m
  ↳ app/views/articles/index.html.erb:4
  Rendered articles/index.html.erb within layouts/application (Duration: 2.6ms | Allocations: 857)
[Webpacker] Everything's up-to-date. Nothing to do
  Rendered layout layouts/application.html.erb (Duration: 10.4ms | Allocations: 4269)
Completed 200 OK in 12ms (Views: 10.9ms | ActiveRecord: 0.2ms | Allocations: 4724)


